                                        
                           Design Compiler Graphical 
                                 DC Ultra (TM)
                                  DFTMAX (TM)
                              Power Compiler (TM)
                                 DesignWare (R)
                                 DC Expert (TM)
                               Design Vision (TM)
                               HDL Compiler (TM)
                               VHDL Compiler (TM)
                                  DFT Compiler
                               Design Compiler(R)
                                        
                 Version K-2015.06 for linux64 - May 28, 2015 
                                        
                    Copyright (c) 1988 - 2015 Synopsys, Inc.
   This software and the associated documentation are proprietary to Synopsys,
 Inc. This software may only be used in accordance with the terms and conditions
 of a written license agreement with Synopsys, Inc. All other use, reproduction,
            or distribution of this software is strictly prohibited.
Initializing...
Initializing gui preferences from file  /home/IC/.synopsys_dv_prefs.tcl
########################### Define Top Module ############################
set top_module Topmodule
Topmodule
##################### Define Working Library Directory ######################
define_design_lib work -path ./work
1
######################################### set svf file
set_svf Topmodule.svf
1
################## Design Compiler Library Files #setup ######################
lappend search_path /home/IC/lab_dc/std_cells
. /opt/Synopsys/Synplify2015/libraries/syn /opt/Synopsys/Synplify2015/minpower/syn /opt/Synopsys/Synplify2015/dw/syn_ver /opt/Synopsys/Synplify2015/dw/sim_ver /home/IC/lab_dc/std_cells
lappend search_path /home/IC/lab_dc/rtl
. /opt/Synopsys/Synplify2015/libraries/syn /opt/Synopsys/Synplify2015/minpower/syn /opt/Synopsys/Synplify2015/dw/syn_ver /opt/Synopsys/Synplify2015/dw/sim_ver /home/IC/lab_dc/std_cells /home/IC/lab_dc/rtl
set SSLIB "/home/IC/Labs/lab_dc/std_cells/scmetro_tsmc_cl013g_rvt_ss_1p08v_125c.db"
/home/IC/Labs/lab_dc/std_cells/scmetro_tsmc_cl013g_rvt_ss_1p08v_125c.db
set TTLIB "/home/IC/Labs/lab_dc/std_cells/scmetro_tsmc_cl013g_rvt_tt_1p2v_25c.db"
/home/IC/Labs/lab_dc/std_cells/scmetro_tsmc_cl013g_rvt_tt_1p2v_25c.db
set FFLIB "/home/IC/Labs/lab_dc/std_cells/scmetro_tsmc_cl013g_rvt_ff_1p32v_m40c.db"
/home/IC/Labs/lab_dc/std_cells/scmetro_tsmc_cl013g_rvt_ff_1p32v_m40c.db
## Standard Cell libraries 
set target_library [list $SSLIB $TTLIB $FFLIB]
/home/IC/Labs/lab_dc/std_cells/scmetro_tsmc_cl013g_rvt_ss_1p08v_125c.db /home/IC/Labs/lab_dc/std_cells/scmetro_tsmc_cl013g_rvt_tt_1p2v_25c.db /home/IC/Labs/lab_dc/std_cells/scmetro_tsmc_cl013g_rvt_ff_1p32v_m40c.db
## Standard Cell & Hard Macros libraries 
set link_library [list * $SSLIB $TTLIB $FFLIB]  
* /home/IC/Labs/lab_dc/std_cells/scmetro_tsmc_cl013g_rvt_ss_1p08v_125c.db /home/IC/Labs/lab_dc/std_cells/scmetro_tsmc_cl013g_rvt_tt_1p2v_25c.db /home/IC/Labs/lab_dc/std_cells/scmetro_tsmc_cl013g_rvt_ff_1p32v_m40c.db
#echo "###############################################"
#echo "############# Reading RTL Files  ##############"
#echo "###############################################"
#alu File
set file_format verilog
verilog
read_file -format $file_format Topmodule.v
Loading db file '/home/IC/Labs/lab_dc/std_cells/scmetro_tsmc_cl013g_rvt_ss_1p08v_125c.db'
Loading db file '/home/IC/Labs/lab_dc/std_cells/scmetro_tsmc_cl013g_rvt_tt_1p2v_25c.db'
Loading db file '/home/IC/Labs/lab_dc/std_cells/scmetro_tsmc_cl013g_rvt_ff_1p32v_m40c.db'
Loading db file '/opt/Synopsys/Synplify2015/libraries/syn/gtech.db'
Loading db file '/opt/Synopsys/Synplify2015/libraries/syn/standard.sldb'
  Loading link library 'scmetro_tsmc_cl013g_rvt_ss_1p08v_125c'
  Loading link library 'scmetro_tsmc_cl013g_rvt_tt_1p2v_25c'
  Loading link library 'scmetro_tsmc_cl013g_rvt_ff_1p32v_m40c'
  Loading link library 'gtech'
Loading verilog file '/home/IC/Labs/lab_dc/syn/Topmodule.v'
Detecting input file type automatically (-rtl or -netlist).
Reading with Presto HDL Compiler (equivalent to -rtl option).
Running PRESTO HDLC
Compiling source file /home/IC/Labs/lab_dc/syn/Topmodule.v
Warning:  /home/IC/Labs/lab_dc/syn/Topmodule.v:235: signed to unsigned assignment occurs. (VER-318)
Warning:  /home/IC/Labs/lab_dc/syn/Topmodule.v:169: DEFAULT branch of CASE statement cannot be reached. (ELAB-311)

Statistics for case statements in always block at line 70 in file
	'/home/IC/Labs/lab_dc/syn/Topmodule.v'
===============================================
|           Line           |  full/ parallel  |
===============================================
|            71            |    auto/auto     |
===============================================

Statistics for case statements in always block at line 168 in file
	'/home/IC/Labs/lab_dc/syn/Topmodule.v'
===============================================
|           Line           |  full/ parallel  |
===============================================
|           169            |    auto/auto     |
===============================================

Inferred memory devices in process
	in routine Traffic_Controller line 57 in file
		'/home/IC/Labs/lab_dc/syn/Topmodule.v'.
===============================================================================
|    Register Name    |   Type    | Width | Bus | MB | AR | AS | SR | SS | ST |
===============================================================================
|  current_state_reg  | Flip-flop |   3   |  Y  | N  | Y  | N  | N  | N  | N  |
===============================================================================

Inferred memory devices in process
	in routine counter line 245 in file
		'/home/IC/Labs/lab_dc/syn/Topmodule.v'.
===============================================================================
|    Register Name    |   Type    | Width | Bus | MB | AR | AS | SR | SS | ST |
===============================================================================
|      count_reg      | Flip-flop |   5   |  Y  | N  | N  | Y  | N  | N  | N  |
===============================================================================
Presto compilation completed successfully.
Current design is now '/home/IC/Labs/lab_dc/syn/Topmodule.db:Topmodule'
Loaded 3 designs.
Current design is 'Topmodule'.
Topmodule Traffic_Controller counter
###################### Defining toplevel ###################################
current_design $top_module
Current design is 'Topmodule'.
{Topmodule}
#################### Liniking All The Design Parts #########################
puts "###############################################"
###############################################
puts "######## Liniking All The Design Parts ########"
######## Liniking All The Design Parts ########
puts "###############################################"
###############################################
link 

  Linking design 'Topmodule'
  Using the following designs and libraries:
  --------------------------------------------------------------------------
  * (3 designs)               /home/IC/Labs/lab_dc/syn/Topmodule.db, etc
  scmetro_tsmc_cl013g_rvt_ss_1p08v_125c (library) /home/IC/Labs/lab_dc/std_cells/scmetro_tsmc_cl013g_rvt_ss_1p08v_125c.db
  scmetro_tsmc_cl013g_rvt_tt_1p2v_25c (library) /home/IC/Labs/lab_dc/std_cells/scmetro_tsmc_cl013g_rvt_tt_1p2v_25c.db
  scmetro_tsmc_cl013g_rvt_ff_1p32v_m40c (library) /home/IC/Labs/lab_dc/std_cells/scmetro_tsmc_cl013g_rvt_ff_1p32v_m40c.db

1
#################### Liniking All The Design Parts #########################
puts "###############################################"
###############################################
puts "######## checking design consistency ##########"
######## checking design consistency ##########
puts "###############################################"
###############################################
check_design
 
****************************************
check_design summary:
Version:     K-2015.06
Date:        Mon Dec 16 03:03:05 2024
****************************************

                   Name                                            Total
--------------------------------------------------------------------------------
Inputs/Outputs                                                      1
    Constant outputs (LINT-52)                                      1

Cells                                                               9
    Cells do not drive (LINT-1)                                     9
--------------------------------------------------------------------------------

Warning: In design 'Traffic_Controller', cell 'B_17' does not drive any nets. (LINT-1)
Warning: In design 'Traffic_Controller', cell 'B_18' does not drive any nets. (LINT-1)
Warning: In design 'Traffic_Controller', cell 'B_19' does not drive any nets. (LINT-1)
Warning: In design 'Traffic_Controller', cell 'B_20' does not drive any nets. (LINT-1)
Warning: In design 'Traffic_Controller', cell 'B_21' does not drive any nets. (LINT-1)
Warning: In design 'Traffic_Controller', cell 'B_22' does not drive any nets. (LINT-1)
Warning: In design 'Traffic_Controller', cell 'B_23' does not drive any nets. (LINT-1)
Warning: In design 'Traffic_Controller', cell 'B_24' does not drive any nets. (LINT-1)
Warning: In design 'counter', cell 'C39' does not drive any nets. (LINT-1)
Warning: In design 'Traffic_Controller', output port 'load_value[1]' is connected directly to 'logic 1'. (LINT-52)
1
############################### Path groups ################################
puts "###############################################"
###############################################
puts "################ Path groups ##################"
################ Path groups ##################
puts "###############################################"
###############################################
group_path -name INREG -from [all_inputs]
1
group_path -name REGOUT -to [all_outputs]
1
group_path -name INOUT -from [all_inputs] -to [all_outputs]
1
#################### Define Design Constraints #########################
puts "###############################################"
###############################################
puts "############ Design Constraints #### ##########"
############ Design Constraints #### ##########
puts "###############################################"
###############################################
source -echo ./cons.tcl
# Constraints
# ----------------------------------------------------------------------------
#
# 1. Master Clock Definitions
#
# 2. Generated Clock Definitions
#
# 3. Clock Uncertainties
#
# 4. Clock Latencies 
#
# 5. Clock Relationships
#
# 6. set input/output delay on ports
#
# 7. Driving cells
#
# 8. Output load
####################################################################################
#########################################################
#### Section 1 : Clock Definition ####
#########################################################
#################################################################################### 
# 1. Master Clock Definitions 
# 2. Generated Clock Definitions
# 3. Clock Latencies
# 4. Clock Uncertainties
# 4. Clock Transitions
####################################################################################
set CLK_NAME TRAFFIC_CONTROLLER_CLK
set CLK_PER 100
set CLK_SETUP_SKEW 0.25 
set CLK_HOLD_SKEW 0.05  
set CLK_LAT 0
set CLK_RISE 0.1    
set CLK_FALL 0.1   
create_clock -name $CLK_NAME -period $CLK_PER -waveform "0 [expr $CLK_PER/2]" [get_ports clk]
set_clock_uncertainty -setup $CLK_SETUP_SKEW [get_clocks $CLK_NAME]
set_clock_uncertainty -hold  $CLK_HOLD_SKEW  [get_clocks $CLK_NAME]
set_clock_transition  -rise  $CLK_RISE	     [get_clocks $CLK_NAME]
set_clock_transition  -fall  $CLK_FALL	     [get_clocks $CLK_NAME]
set_clock_latency $CLK_LAT [get_clocks $CLK_NAME]
set_dont_touch_network {clk rst_n}					  
####################################################################################
#########################################################
#### Section 2 : Clocks Relationships ####
#########################################################
####################################################################################
####################################################################################
#########################################################
#### Section 3 : set input/output delay on ports ####
#########################################################
####################################################################################
set in_delay  [expr 0.3*$CLK_PER]
set out_delay [expr 0.3*$CLK_PER]
#Constrain Input Paths
set_input_delay $in_delay -clock $CLK_NAME [get_port Sa]
set_input_delay $in_delay -clock $CLK_NAME [get_port Sb]
set_input_delay $in_delay -clock $CLK_NAME [get_port Sc]
set_input_delay $in_delay -clock $CLK_NAME [get_port Sd]
set_input_delay $in_delay -clock $CLK_NAME [get_port rst_n] 
#Constrain Output Paths
set_output_delay $out_delay -clock $CLK_NAME [get_port Ta]
set_output_delay $out_delay -clock $CLK_NAME [get_port Tb]
set_output_delay $out_delay -clock $CLK_NAME [get_port Tc]
set_output_delay $out_delay -clock $CLK_NAME [get_port Td]
####################################################################################
#########################################################
#### Section 4 : Driving cells ####
#########################################################
####################################################################################
set_driving_cell -library scmetro_tsmc_cl013g_rvt_ss_1p08v_125c -lib_cell BUFX2M -pin Y [get_port Sa]
Warning: Design rule attributes from the driving cell will be
	set on the port. (UID-401)
Warning: Design rule attributes from the driving cell will be
	set on the port. (UID-401)
set_driving_cell -library scmetro_tsmc_cl013g_rvt_ss_1p08v_125c -lib_cell BUFX2M -pin Y [get_port Sb]
Warning: Design rule attributes from the driving cell will be
	set on the port. (UID-401)
Warning: Design rule attributes from the driving cell will be
	set on the port. (UID-401)
set_driving_cell -library scmetro_tsmc_cl013g_rvt_ss_1p08v_125c -lib_cell BUFX2M -pin Y [get_port Sc]
Warning: Design rule attributes from the driving cell will be
	set on the port. (UID-401)
Warning: Design rule attributes from the driving cell will be
	set on the port. (UID-401)
set_driving_cell -library scmetro_tsmc_cl013g_rvt_ss_1p08v_125c -lib_cell BUFX2M -pin Y [get_port Sd]
Warning: Design rule attributes from the driving cell will be
	set on the port. (UID-401)
Warning: Design rule attributes from the driving cell will be
	set on the port. (UID-401)
set_driving_cell -library scmetro_tsmc_cl013g_rvt_ss_1p08v_125c -lib_cell BUFX2M -pin Y [get_port rst_n]
Warning: Design rule attributes from the driving cell will be
	set on the port. (UID-401)
####################################################################################
#########################################################
#### Section 5 : Output load ####
#########################################################
####################################################################################
set_load 0.5 [get_port Ta]
set_load 0.5 [get_port Tb]
set_load 0.5 [get_port Tc]
set_load 0.5 [get_port Td]
####################################################################################
#########################################################
#### Section 6 : Operating Condition ####
#########################################################
####################################################################################
# Define the Worst Library for Max(#setup) analysis
# Define the Best Library for Min(hold) analysis
set_operating_condition -max_library "scmetro_tsmc_cl013g_rvt_ss_1p08v_125c" -max "scmetro_tsmc_cl013g_rvt_ss_1p08v_125c" 			-min_library "scmetro_tsmc_cl013g_rvt_ff_1p32v_m40c" -min "scmetro_tsmc_cl013g_rvt_ff_1p32v_m40c"
Using operating conditions 'scmetro_tsmc_cl013g_rvt_ss_1p08v_125c' found in library 'scmetro_tsmc_cl013g_rvt_ss_1p08v_125c'.
Using operating conditions 'scmetro_tsmc_cl013g_rvt_ff_1p32v_m40c' found in library 'scmetro_tsmc_cl013g_rvt_ff_1p32v_m40c'.
####################################################################################
#########################################################
#### Section 7 : wireload Model ####
#########################################################
####################################################################################
set_wire_load_model -name tsmc13_wl10 -library scmetro_tsmc_cl013g_rvt_ss_1p08v_125c
####################################################################################
#########################################################
#### Section 8 : multicycle path ####
#########################################################
####################################################################################
###################### Mapping and optimization ########################
puts "###############################################"
###############################################
puts "########## Mapping & Optimization #############"
########## Mapping & Optimization #############
puts "###############################################"
###############################################
compile -map_effort high
Information: Evaluating DesignWare library utilization. (UISN-27)

============================================================================
| DesignWare Building Block Library  |         Version         | Available |
============================================================================
| Basic DW Building Blocks           | K-2015.06-DWBB_201506.0 |     *     |
| Licensed DW Building Blocks        |                         |           |
============================================================================


Information: There are 10 potential problems in your design. Please run 'check_design' for more information. (LINT-99)


Warning: Operating condition scmetro_tsmc_cl013g_rvt_ss_1p08v_125c set on design Topmodule has different process,
voltage and temperatures parameters than the parameters at which target library 
scmetro_tsmc_cl013g_rvt_tt_1p2v_25c is characterized. Delays may be inaccurate as a result. (OPT-998)

  Beginning Pass 1 Mapping
  ------------------------
  Processing 'counter'
  Processing 'Traffic_Controller'
  Processing 'Topmodule'

  Updating timing information
Information: Updating design information... (UID-85)

  Beginning Implementation Selection
  ----------------------------------
  Processing 'counter_DW01_dec_0'

  Beginning Mapping Optimizations  (High effort)
  -------------------------------

                                  TOTAL                                      
   ELAPSED            WORST NEG   SETUP    DESIGN                            
    TIME      AREA      SLACK     COST    RULE COST         ENDPOINT         
  --------- --------- --------- --------- --------- -------------------------
    0:00:05   17364.4      0.00       0.0      32.0                          
    0:00:06   17364.4      0.00       0.0      32.0                          
    0:00:06   17364.4      0.00       0.0      32.0                          
    0:00:06   17364.4      0.00       0.0      32.0                          
    0:00:06   17364.4      0.00       0.0      32.0                          
    0:00:06   16536.0      0.00       0.0      30.5                          
    0:00:06   16534.8      0.00       0.0      30.5                          
    0:00:06   16534.8      0.00       0.0      30.5                          
    0:00:06   16534.8      0.00       0.0      30.5                          
    0:00:06   16534.8      0.00       0.0      30.5                          
    0:00:06   16534.8      0.00       0.0      30.5                          
    0:00:06   16534.8      0.00       0.0      30.5                          
    0:00:06   16616.4      0.00       0.0      24.2                          
    0:00:06   16699.1      0.00       0.0      17.9                          
    0:00:06   16832.0      0.00       0.0      10.4                          
    0:00:07   16913.6      0.00       0.0       4.2                          
    0:00:07   16913.6      0.00       0.0       4.2                          
    0:00:07   16913.6      0.00       0.0       4.2                          
    0:00:07   16913.6      0.00       0.0       4.2                          



  Beginning Delay Optimization Phase
  ----------------------------------

                                  TOTAL                                      
   ELAPSED            WORST NEG   SETUP    DESIGN                            
    TIME      AREA      SLACK     COST    RULE COST         ENDPOINT         
  --------- --------- --------- --------- --------- -------------------------
    0:00:07   16913.6      0.00       0.0       4.2                          
    0:00:07   16913.6      0.00       0.0       4.2                          
    0:00:07   16766.5      0.00       0.0       4.2                          


  Beginning Design Rule Fixing  (max_transition)  (max_capacitance)
  ----------------------------

                                  TOTAL                                      
   ELAPSED            WORST NEG   SETUP    DESIGN                            
    TIME      AREA      SLACK     COST    RULE COST         ENDPOINT         
  --------- --------- --------- --------- --------- -------------------------
    0:00:07   16766.5      0.00       0.0       4.2                          
    0:00:07   16827.7      0.00       0.0       0.0                          


  Beginning Area-Recovery Phase  (cleanup)
  -----------------------------

                                  TOTAL                                      
   ELAPSED            WORST NEG   SETUP    DESIGN                            
    TIME      AREA      SLACK     COST    RULE COST         ENDPOINT         
  --------- --------- --------- --------- --------- -------------------------
    0:00:07   16827.7      0.00       0.0       0.0                          
    0:00:07   16827.7      0.00       0.0       0.0                          
    0:00:07   16778.7      0.00       0.0       0.0                          
    0:00:07   16778.7      0.00       0.0       0.0                          
    0:00:07   16778.7      0.00       0.0       0.0                          
    0:00:07   16778.7      0.00       0.0       0.0                          
    0:00:07   16778.7      0.00       0.0       0.0                          
    0:00:07   16778.7      0.00       0.0       0.0                          
    0:00:07   16778.7      0.00       0.0       0.0                          
    0:00:07   16778.7      0.00       0.0       0.0                          
    0:00:07   16778.7      0.00       0.0       0.0                          
    0:00:07   16778.7      0.00       0.0       0.0                          
    0:00:07   16778.7      0.00       0.0       0.0                          
Loading db file '/home/IC/Labs/lab_dc/std_cells/scmetro_tsmc_cl013g_rvt_ss_1p08v_125c.db'
Loading db file '/home/IC/Labs/lab_dc/std_cells/scmetro_tsmc_cl013g_rvt_tt_1p2v_25c.db'
Loading db file '/home/IC/Labs/lab_dc/std_cells/scmetro_tsmc_cl013g_rvt_ff_1p32v_m40c.db'


Note: Symbol # after min delay cost means estimated hold TNS across all active scenarios 


  Optimization Complete
  ---------------------
1
set_svf -off
1
#############################################################################
# Write out Design after initial compile
#############################################################################
write_file -format verilog -hierarchy -output netlists/Topmodule_netlist.v
Writing verilog file '/home/IC/Labs/lab_dc/syn/netlists/Topmodule_netlist.v'.
Warning: Verilog 'assign' or 'tran' statements are written out. (VO-4)
Warning: Verilog writer has added 1 nets to module Topmodule using SYNOPSYS_UNCONNECTED_ as prefix.  Please use the change_names command to make the correct changes before invoking the verilog writer.  (VO-11)
1
write_file -format ddc     -hierarchy -output netlists/Topmodule_netlist.ddc
Writing ddc file 'netlists/Topmodule_netlist.ddc'.
1
write_sdc -nosplit SDC/Topmodule.sdc
1
write_sdf SDF/Topmodule.sdf
Information: Annotated 'cell' delays are assumed to include load delay. (UID-282)
Information: Writing timing information to file '/home/IC/Labs/lab_dc/syn/SDF/Topmodule.sdf'. (WT-3)
Information: Updating design information... (UID-85)
1
################# reporting #######################
report_area -hierarchy > reports/area.rpt
report_power -hierarchy > reports/power.rpt
report_timing -max_paths 100 -delay_type max > reports/setup.rpt
report_timing -max_paths 100 -delay_type min > reports/hold.rpt
report_clock -attributes > reports/clocks.rpt
report_constraint -all_violators > reports/constraints.rpt
################# starting graphical user interface #######################
gui_start
Current design is 'Topmodule'.
dc_shell> dc_shell> Loading db file '/opt/Synopsys/Synplify2015/libraries/syn/generic.sdb'
Current design is 'Topmodule'.
dc_shell> 