#! /c/Source/iverilog-install/bin/vvp
:ivl_version "12.0 (devel)" "(s20150603-1539-g2693dd32b)";
:ivl_delay_selection "TYPICAL";
:vpi_time_precision + 0;
:vpi_module "C:\iverilog\lib\ivl\system.vpi";
:vpi_module "C:\iverilog\lib\ivl\vhdl_sys.vpi";
:vpi_module "C:\iverilog\lib\ivl\vhdl_textio.vpi";
:vpi_module "C:\iverilog\lib\ivl\v2005_math.vpi";
:vpi_module "C:\iverilog\lib\ivl\va_math.vpi";
S_00000254e8ea5ad0 .scope module, "Topmodule" "Topmodule" 2 1;
 .timescale 0 0;
    .port_info 0 /INPUT 1 "clk";
    .port_info 1 /INPUT 1 "rst_n";
    .port_info 2 /INPUT 2 "Sa";
    .port_info 3 /INPUT 2 "Sb";
    .port_info 4 /INPUT 2 "Sc";
    .port_info 5 /INPUT 2 "Sd";
    .port_info 6 /OUTPUT 3 "Ta";
    .port_info 7 /OUTPUT 3 "Tb";
    .port_info 8 /OUTPUT 3 "Tc";
    .port_info 9 /OUTPUT 3 "Td";
o00000254e8eb38c8 .functor BUFZ 2, C4<zz>; HiZ drive
v00000254e8f0cf90_0 .net "Sa", 1 0, o00000254e8eb38c8;  0 drivers
v00000254e8f0c450_0 .net "Sa_reading", 1 0, L_00000254e8f0f4f0;  1 drivers
o00000254e8eb38f8 .functor BUFZ 2, C4<zz>; HiZ drive
v00000254e8f0c1d0_0 .net "Sb", 1 0, o00000254e8eb38f8;  0 drivers
v00000254e8f0cef0_0 .net "Sb_reading", 1 0, L_00000254e8f10210;  1 drivers
o00000254e8eb3928 .functor BUFZ 2, C4<zz>; HiZ drive
v00000254e8f0d170_0 .net "Sc", 1 0, o00000254e8eb3928;  0 drivers
v00000254e8f0d850_0 .net "Sc_reading", 1 0, L_00000254e8f10490;  1 drivers
o00000254e8eb3958 .functor BUFZ 2, C4<zz>; HiZ drive
v00000254e8f0ce50_0 .net "Sd", 1 0, o00000254e8eb3958;  0 drivers
v00000254e8f0c310_0 .net "Sd_reading", 1 0, L_00000254e8f0f450;  1 drivers
v00000254e8f0c130_0 .net "Ta", 2 0, v00000254e8eabc40_0;  1 drivers
v00000254e8f0d5d0_0 .net "Tb", 2 0, v00000254e8eac320_0;  1 drivers
v00000254e8f0dd50_0 .net "Tc", 2 0, v00000254e8eabce0_0;  1 drivers
v00000254e8f0c6d0_0 .net "Td", 2 0, v00000254e8eabba0_0;  1 drivers
v00000254e8f0c950_0 .net *"_ivl_1", 0 0, L_00000254e8f0ff90;  1 drivers
L_00000254e8ff01f0 .functor BUFT 1, C4<0>, C4<0>, C4<0>, C4<0>;
v00000254e8f0d670_0 .net *"_ivl_11", 0 0, L_00000254e8ff01f0;  1 drivers
v00000254e8f0c810_0 .net *"_ivl_15", 0 0, L_00000254e8f0f130;  1 drivers
v00000254e8f0c9f0_0 .net *"_ivl_16", 1 0, L_00000254e8f0e870;  1 drivers
L_00000254e8ff0238 .functor BUFT 1, C4<0>, C4<0>, C4<0>, C4<0>;
v00000254e8f0cbd0_0 .net *"_ivl_19", 0 0, L_00000254e8ff0238;  1 drivers
v00000254e8f0d8f0_0 .net *"_ivl_2", 1 0, L_00000254e8f0f770;  1 drivers
v00000254e8f0ddf0_0 .net *"_ivl_21", 0 0, L_00000254e8f0fdb0;  1 drivers
v00000254e8f0d030_0 .net *"_ivl_22", 1 0, L_00000254e8f103f0;  1 drivers
L_00000254e8ff0280 .functor BUFT 1, C4<0>, C4<0>, C4<0>, C4<0>;
v00000254e8f0d990_0 .net *"_ivl_25", 0 0, L_00000254e8ff0280;  1 drivers
v00000254e8f0da30_0 .net *"_ivl_29", 0 0, L_00000254e8f10170;  1 drivers
v00000254e8f0dad0_0 .net *"_ivl_30", 1 0, L_00000254e8f0ee10;  1 drivers
L_00000254e8ff02c8 .functor BUFT 1, C4<0>, C4<0>, C4<0>, C4<0>;
v00000254e8f0ca90_0 .net *"_ivl_33", 0 0, L_00000254e8ff02c8;  1 drivers
v00000254e8f0cc70_0 .net *"_ivl_35", 0 0, L_00000254e8f0e7d0;  1 drivers
v00000254e8f0d490_0 .net *"_ivl_36", 1 0, L_00000254e8f0f630;  1 drivers
L_00000254e8ff0310 .functor BUFT 1, C4<0>, C4<0>, C4<0>, C4<0>;
v00000254e8f0df30_0 .net *"_ivl_39", 0 0, L_00000254e8ff0310;  1 drivers
v00000254e8f0c590_0 .net *"_ivl_43", 0 0, L_00000254e8f0fd10;  1 drivers
v00000254e8f0c270_0 .net *"_ivl_44", 1 0, L_00000254e8f0f6d0;  1 drivers
L_00000254e8ff0358 .functor BUFT 1, C4<0>, C4<0>, C4<0>, C4<0>;
v00000254e8f0d2b0_0 .net *"_ivl_47", 0 0, L_00000254e8ff0358;  1 drivers
v00000254e8f0c4f0_0 .net *"_ivl_49", 0 0, L_00000254e8f0eeb0;  1 drivers
L_00000254e8ff01a8 .functor BUFT 1, C4<0>, C4<0>, C4<0>, C4<0>;
v00000254e8f0d0d0_0 .net *"_ivl_5", 0 0, L_00000254e8ff01a8;  1 drivers
v00000254e8f0d210_0 .net *"_ivl_50", 1 0, L_00000254e8f102b0;  1 drivers
L_00000254e8ff03a0 .functor BUFT 1, C4<0>, C4<0>, C4<0>, C4<0>;
v00000254e8f0d350_0 .net *"_ivl_53", 0 0, L_00000254e8ff03a0;  1 drivers
v00000254e8f0d3f0_0 .net *"_ivl_7", 0 0, L_00000254e8f0e9b0;  1 drivers
v00000254e8f0c630_0 .net *"_ivl_8", 1 0, L_00000254e8f10030;  1 drivers
o00000254e8eb3418 .functor BUFZ 1, C4<z>; HiZ drive
v00000254e8f0f270_0 .net "clk", 0 0, o00000254e8eb3418;  0 drivers
v00000254e8f10670_0 .net "counter_output", 4 0, v00000254e8f0dcb0_0;  1 drivers
v00000254e8f0fef0_0 .net "load_en", 0 0, L_00000254e8f0e910;  1 drivers
v00000254e8f0ec30_0 .net "load_value", 4 0, L_00000254e8f0f8b0;  1 drivers
o00000254e8eb3538 .functor BUFZ 1, C4<z>; HiZ drive
v00000254e8f0f590_0 .net "rst_n", 0 0, o00000254e8eb3538;  0 drivers
L_00000254e8f0ff90 .part o00000254e8eb38c8, 0, 1;
L_00000254e8f0f770 .concat [ 1 1 0 0], L_00000254e8f0ff90, L_00000254e8ff01a8;
L_00000254e8f0e9b0 .part o00000254e8eb38c8, 1, 1;
L_00000254e8f10030 .concat [ 1 1 0 0], L_00000254e8f0e9b0, L_00000254e8ff01f0;
L_00000254e8f0f4f0 .arith/sum 2, L_00000254e8f0f770, L_00000254e8f10030;
L_00000254e8f0f130 .part o00000254e8eb38f8, 0, 1;
L_00000254e8f0e870 .concat [ 1 1 0 0], L_00000254e8f0f130, L_00000254e8ff0238;
L_00000254e8f0fdb0 .part o00000254e8eb38f8, 1, 1;
L_00000254e8f103f0 .concat [ 1 1 0 0], L_00000254e8f0fdb0, L_00000254e8ff0280;
L_00000254e8f10210 .arith/sum 2, L_00000254e8f0e870, L_00000254e8f103f0;
L_00000254e8f10170 .part o00000254e8eb3928, 0, 1;
L_00000254e8f0ee10 .concat [ 1 1 0 0], L_00000254e8f10170, L_00000254e8ff02c8;
L_00000254e8f0e7d0 .part o00000254e8eb3928, 1, 1;
L_00000254e8f0f630 .concat [ 1 1 0 0], L_00000254e8f0e7d0, L_00000254e8ff0310;
L_00000254e8f10490 .arith/sum 2, L_00000254e8f0ee10, L_00000254e8f0f630;
L_00000254e8f0fd10 .part o00000254e8eb3958, 0, 1;
L_00000254e8f0f6d0 .concat [ 1 1 0 0], L_00000254e8f0fd10, L_00000254e8ff0358;
L_00000254e8f0eeb0 .part o00000254e8eb3958, 1, 1;
L_00000254e8f102b0 .concat [ 1 1 0 0], L_00000254e8f0eeb0, L_00000254e8ff03a0;
L_00000254e8f0f450 .arith/sum 2, L_00000254e8f0f6d0, L_00000254e8f102b0;
S_00000254e8ea5d10 .scope module, "FSM" "Traffic_Controller" 2 20, 2 33 0, S_00000254e8ea5ad0;
 .timescale 0 0;
    .port_info 0 /INPUT 2 "Sa";
    .port_info 1 /INPUT 2 "Sb";
    .port_info 2 /INPUT 2 "Sc";
    .port_info 3 /INPUT 2 "Sd";
    .port_info 4 /INPUT 1 "clk";
    .port_info 5 /INPUT 1 "rst_n";
    .port_info 6 /INPUT 5 "counter_value";
    .port_info 7 /OUTPUT 3 "Ta";
    .port_info 8 /OUTPUT 3 "Tb";
    .port_info 9 /OUTPUT 3 "Tc";
    .port_info 10 /OUTPUT 3 "Td";
    .port_info 11 /OUTPUT 1 "load_counter";
    .port_info 12 /OUTPUT 5 "load_value";
P_00000254e8e89ed0 .param/l "Ga" 0 2 34, C4<000>;
P_00000254e8e89f08 .param/l "Gb" 0 2 35, C4<001>;
P_00000254e8e89f40 .param/l "Gc" 0 2 36, C4<010>;
P_00000254e8e89f78 .param/l "Gd" 0 2 37, C4<011>;
P_00000254e8e89fb0 .param/l "Oa" 0 2 38, C4<100>;
P_00000254e8e89fe8 .param/l "Ob" 0 2 39, C4<101>;
P_00000254e8e8a020 .param/l "Oc" 0 2 40, C4<110>;
P_00000254e8e8a058 .param/l "Od" 0 2 41, C4<111>;
v00000254e8eac5a0_0 .net "Sa", 1 0, L_00000254e8f0f4f0;  alias, 1 drivers
v00000254e8eab9c0_0 .net "Sb", 1 0, L_00000254e8f10210;  alias, 1 drivers
v00000254e8eac280_0 .net "Sc", 1 0, L_00000254e8f10490;  alias, 1 drivers
v00000254e8eac3c0_0 .net "Sd", 1 0, L_00000254e8f0f450;  alias, 1 drivers
v00000254e8eabc40_0 .var "Ta", 2 0;
v00000254e8eac320_0 .var "Tb", 2 0;
v00000254e8eabce0_0 .var "Tc", 2 0;
v00000254e8eabba0_0 .var "Td", 2 0;
L_00000254e8ff0118 .functor BUFT 1, C4<000011>, C4<0>, C4<0>, C4<0>;
v00000254e8eac500_0 .net/2s *"_ivl_10", 5 0, L_00000254e8ff0118;  1 drivers
L_00000254e8ff0160 .functor BUFT 1, C4<011110>, C4<0>, C4<0>, C4<0>;
v00000254e8eabd80_0 .net/2s *"_ivl_12", 5 0, L_00000254e8ff0160;  1 drivers
v00000254e8eabec0_0 .net *"_ivl_14", 5 0, L_00000254e8f100d0;  1 drivers
v00000254e8eabf60_0 .net *"_ivl_2", 31 0, L_00000254e8f0ecd0;  1 drivers
L_00000254e8ff0088 .functor BUFT 1, C4<00000000000000000000000000000>, C4<0>, C4<0>, C4<0>;
v00000254e8eac000_0 .net *"_ivl_5", 28 0, L_00000254e8ff0088;  1 drivers
L_00000254e8ff00d0 .functor BUFT 1, C4<00000000000000000000000000000011>, C4<0>, C4<0>, C4<0>;
v00000254e8f0de90_0 .net/2u *"_ivl_6", 31 0, L_00000254e8ff00d0;  1 drivers
v00000254e8f0c090_0 .net *"_ivl_8", 0 0, L_00000254e8f0fc70;  1 drivers
v00000254e8f0db70_0 .net "clk", 0 0, o00000254e8eb3418;  alias, 0 drivers
v00000254e8f0d530_0 .net "counter_value", 4 0, v00000254e8f0dcb0_0;  alias, 1 drivers
v00000254e8f0dc10_0 .var "current_state", 2 0;
v00000254e8f0cd10_0 .net "load_counter", 0 0, L_00000254e8f0e910;  alias, 1 drivers
v00000254e8f0d710_0 .net "load_value", 4 0, L_00000254e8f0f8b0;  alias, 1 drivers
v00000254e8f0d7b0_0 .var "next_state", 2 0;
v00000254e8f0c770_0 .net "rst_n", 0 0, o00000254e8eb3538;  alias, 0 drivers
E_00000254e8e83020 .event anyedge, v00000254e8f0dc10_0;
E_00000254e8e832a0/0 .event anyedge, v00000254e8f0dc10_0, v00000254e8eac5a0_0, v00000254e8eab9c0_0, v00000254e8eac280_0;
E_00000254e8e832a0/1 .event anyedge, v00000254e8eac3c0_0, v00000254e8f0d530_0;
E_00000254e8e832a0 .event/or E_00000254e8e832a0/0, E_00000254e8e832a0/1;
E_00000254e8e833e0/0 .event negedge, v00000254e8f0c770_0;
E_00000254e8e833e0/1 .event posedge, v00000254e8f0db70_0;
E_00000254e8e833e0 .event/or E_00000254e8e833e0/0, E_00000254e8e833e0/1;
L_00000254e8f0e910 .cmp/nee 3, v00000254e8f0dc10_0, v00000254e8f0d7b0_0;
L_00000254e8f0ecd0 .concat [ 3 29 0 0], v00000254e8f0d7b0_0, L_00000254e8ff0088;
L_00000254e8f0fc70 .cmp/gt 32, L_00000254e8f0ecd0, L_00000254e8ff00d0;
L_00000254e8f100d0 .functor MUXZ 6, L_00000254e8ff0160, L_00000254e8ff0118, L_00000254e8f0fc70, C4<>;
L_00000254e8f0f8b0 .part L_00000254e8f100d0, 0, 5;
S_00000254e8e8a1b0 .scope module, "internal_counter" "counter" 2 23, 2 239 0, S_00000254e8ea5ad0;
 .timescale 0 0;
    .port_info 0 /INPUT 1 "clk";
    .port_info 1 /INPUT 1 "rst_n";
    .port_info 2 /INPUT 1 "load";
    .port_info 3 /INPUT 5 "data";
    .port_info 4 /OUTPUT 5 "count";
v00000254e8f0cdb0_0 .net "clk", 0 0, o00000254e8eb3418;  alias, 0 drivers
v00000254e8f0dcb0_0 .var "count", 4 0;
v00000254e8f0c8b0_0 .net "data", 4 0, L_00000254e8f0f8b0;  alias, 1 drivers
v00000254e8f0cb30_0 .net "load", 0 0, L_00000254e8f0e910;  alias, 1 drivers
v00000254e8f0c3b0_0 .net "rst_n", 0 0, o00000254e8eb3538;  alias, 0 drivers
    .scope S_00000254e8ea5d10;
T_0 ;
    %wait E_00000254e8e833e0;
    %load/vec4 v00000254e8f0c770_0;
    %nor/r;
    %flag_set/vec4 8;
    %jmp/0xz  T_0.0, 8;
    %pushi/vec4 0, 0, 3;
    %assign/vec4 v00000254e8f0dc10_0, 0;
    %jmp T_0.1;
T_0.0 ;
    %load/vec4 v00000254e8f0d7b0_0;
    %assign/vec4 v00000254e8f0dc10_0, 0;
T_0.1 ;
    %jmp T_0;
    .thread T_0;
    .scope S_00000254e8ea5d10;
T_1 ;
    %wait E_00000254e8e832a0;
    %load/vec4 v00000254e8f0dc10_0;
    %dup/vec4;
    %pushi/vec4 0, 0, 3;
    %cmp/u;
    %jmp/1 T_1.0, 6;
    %dup/vec4;
    %pushi/vec4 1, 0, 3;
    %cmp/u;
    %jmp/1 T_1.1, 6;
    %dup/vec4;
    %pushi/vec4 2, 0, 3;
    %cmp/u;
    %jmp/1 T_1.2, 6;
    %dup/vec4;
    %pushi/vec4 3, 0, 3;
    %cmp/u;
    %jmp/1 T_1.3, 6;
    %dup/vec4;
    %pushi/vec4 4, 0, 3;
    %cmp/u;
    %jmp/1 T_1.4, 6;
    %dup/vec4;
    %pushi/vec4 5, 0, 3;
    %cmp/u;
    %jmp/1 T_1.5, 6;
    %dup/vec4;
    %pushi/vec4 6, 0, 3;
    %cmp/u;
    %jmp/1 T_1.6, 6;
    %dup/vec4;
    %pushi/vec4 7, 0, 3;
    %cmp/u;
    %jmp/1 T_1.7, 6;
    %jmp T_1.8;
T_1.0 ;
    %load/vec4 v00000254e8eab9c0_0;
    %load/vec4 v00000254e8eac5a0_0;
    %cmp/u;
    %flag_get/vec4 5;
    %jmp/0 T_1.13, 5;
    %load/vec4 v00000254e8eac280_0;
    %load/vec4 v00000254e8eac5a0_0;
    %cmp/u;
    %flag_get/vec4 5;
    %and;
T_1.13;
    %flag_set/vec4 9;
    %flag_get/vec4 9;
    %jmp/0 T_1.12, 9;
    %load/vec4 v00000254e8eac3c0_0;
    %load/vec4 v00000254e8eac5a0_0;
    %cmp/u;
    %flag_get/vec4 5;
    %and;
T_1.12;
    %flag_set/vec4 8;
    %jmp/1 T_1.11, 8;
    %load/vec4 v00000254e8f0d530_0;
    %pad/u 32;
    %cmpi/ne 1, 0, 32;
    %flag_or 8, 4;
T_1.11;
    %jmp/0xz  T_1.9, 8;
    %pushi/vec4 0, 0, 3;
    %assign/vec4 v00000254e8f0d7b0_0, 0;
    %jmp T_1.10;
T_1.9 ;
    %pushi/vec4 4, 0, 3;
    %assign/vec4 v00000254e8f0d7b0_0, 0;
T_1.10 ;
    %jmp T_1.8;
T_1.1 ;
    %load/vec4 v00000254e8eac5a0_0;
    %load/vec4 v00000254e8eab9c0_0;
    %cmp/u;
    %flag_get/vec4 5;
    %jmp/0 T_1.18, 5;
    %load/vec4 v00000254e8eac280_0;
    %load/vec4 v00000254e8eab9c0_0;
    %cmp/u;
    %flag_get/vec4 5;
    %and;
T_1.18;
    %flag_set/vec4 9;
    %flag_get/vec4 9;
    %jmp/0 T_1.17, 9;
    %load/vec4 v00000254e8eac3c0_0;
    %load/vec4 v00000254e8eab9c0_0;
    %cmp/u;
    %flag_get/vec4 5;
    %and;
T_1.17;
    %flag_set/vec4 8;
    %jmp/1 T_1.16, 8;
    %load/vec4 v00000254e8f0d530_0;
    %pad/u 32;
    %cmpi/ne 1, 0, 32;
    %flag_or 8, 4;
T_1.16;
    %jmp/0xz  T_1.14, 8;
    %pushi/vec4 1, 0, 3;
    %assign/vec4 v00000254e8f0d7b0_0, 0;
    %jmp T_1.15;
T_1.14 ;
    %pushi/vec4 5, 0, 3;
    %assign/vec4 v00000254e8f0d7b0_0, 0;
T_1.15 ;
    %jmp T_1.8;
T_1.2 ;
    %load/vec4 v00000254e8eac5a0_0;
    %load/vec4 v00000254e8eac280_0;
    %cmp/u;
    %flag_get/vec4 5;
    %jmp/0 T_1.23, 5;
    %load/vec4 v00000254e8eab9c0_0;
    %load/vec4 v00000254e8eac280_0;
    %cmp/u;
    %flag_get/vec4 5;
    %and;
T_1.23;
    %flag_set/vec4 9;
    %flag_get/vec4 9;
    %jmp/0 T_1.22, 9;
    %load/vec4 v00000254e8eac3c0_0;
    %load/vec4 v00000254e8eac280_0;
    %cmp/u;
    %flag_get/vec4 5;
    %and;
T_1.22;
    %flag_set/vec4 8;
    %jmp/1 T_1.21, 8;
    %load/vec4 v00000254e8f0d530_0;
    %pad/u 32;
    %cmpi/ne 1, 0, 32;
    %flag_or 8, 4;
T_1.21;
    %jmp/0xz  T_1.19, 8;
    %pushi/vec4 2, 0, 3;
    %assign/vec4 v00000254e8f0d7b0_0, 0;
    %jmp T_1.20;
T_1.19 ;
    %pushi/vec4 6, 0, 3;
    %assign/vec4 v00000254e8f0d7b0_0, 0;
T_1.20 ;
    %jmp T_1.8;
T_1.3 ;
    %load/vec4 v00000254e8eac5a0_0;
    %load/vec4 v00000254e8eac3c0_0;
    %cmp/u;
    %flag_get/vec4 5;
    %jmp/0 T_1.28, 5;
    %load/vec4 v00000254e8eab9c0_0;
    %load/vec4 v00000254e8eac3c0_0;
    %cmp/u;
    %flag_get/vec4 5;
    %and;
T_1.28;
    %flag_set/vec4 9;
    %flag_get/vec4 9;
    %jmp/0 T_1.27, 9;
    %load/vec4 v00000254e8eac280_0;
    %load/vec4 v00000254e8eac3c0_0;
    %cmp/u;
    %flag_get/vec4 5;
    %and;
T_1.27;
    %flag_set/vec4 8;
    %jmp/1 T_1.26, 8;
    %load/vec4 v00000254e8f0d530_0;
    %pad/u 32;
    %cmpi/ne 1, 0, 32;
    %flag_or 8, 4;
T_1.26;
    %jmp/0xz  T_1.24, 8;
    %pushi/vec4 3, 0, 3;
    %assign/vec4 v00000254e8f0d7b0_0, 0;
    %jmp T_1.25;
T_1.24 ;
    %pushi/vec4 7, 0, 3;
    %assign/vec4 v00000254e8f0d7b0_0, 0;
T_1.25 ;
    %jmp T_1.8;
T_1.4 ;
    %load/vec4 v00000254e8f0d530_0;
    %pad/u 32;
    %cmpi/ne 1, 0, 32;
    %jmp/0xz  T_1.29, 4;
    %pushi/vec4 4, 0, 3;
    %assign/vec4 v00000254e8f0d7b0_0, 0;
    %jmp T_1.30;
T_1.29 ;
    %load/vec4 v00000254e8eac5a0_0;
    %load/vec4 v00000254e8eab9c0_0;
    %cmp/u;
    %flag_or 5, 4;
    %flag_get/vec4 5;
    %jmp/0 T_1.34, 5;
    %load/vec4 v00000254e8eac280_0;
    %load/vec4 v00000254e8eab9c0_0;
    %cmp/u;
    %flag_get/vec4 4;
    %flag_get/vec4 5;
    %or;
    %and;
T_1.34;
    %flag_set/vec4 9;
    %flag_get/vec4 9;
    %jmp/0 T_1.33, 9;
    %load/vec4 v00000254e8eac3c0_0;
    %load/vec4 v00000254e8eab9c0_0;
    %cmp/u;
    %flag_get/vec4 4;
    %flag_get/vec4 5;
    %or;
    %and;
T_1.33;
    %flag_set/vec4 8;
    %jmp/0xz  T_1.31, 8;
    %pushi/vec4 1, 0, 3;
    %assign/vec4 v00000254e8f0d7b0_0, 0;
    %jmp T_1.32;
T_1.31 ;
    %load/vec4 v00000254e8eac5a0_0;
    %load/vec4 v00000254e8eac280_0;
    %cmp/u;
    %flag_or 5, 4;
    %flag_get/vec4 5;
    %jmp/0 T_1.38, 5;
    %load/vec4 v00000254e8eab9c0_0;
    %load/vec4 v00000254e8eac280_0;
    %cmp/u;
    %flag_get/vec4 4;
    %flag_get/vec4 5;
    %or;
    %and;
T_1.38;
    %flag_set/vec4 9;
    %flag_get/vec4 9;
    %jmp/0 T_1.37, 9;
    %load/vec4 v00000254e8eac3c0_0;
    %load/vec4 v00000254e8eac280_0;
    %cmp/u;
    %flag_get/vec4 4;
    %flag_get/vec4 5;
    %or;
    %and;
T_1.37;
    %flag_set/vec4 8;
    %jmp/0xz  T_1.35, 8;
    %pushi/vec4 2, 0, 3;
    %assign/vec4 v00000254e8f0d7b0_0, 0;
    %jmp T_1.36;
T_1.35 ;
    %pushi/vec4 3, 0, 3;
    %assign/vec4 v00000254e8f0d7b0_0, 0;
T_1.36 ;
T_1.32 ;
T_1.30 ;
    %jmp T_1.8;
T_1.5 ;
    %load/vec4 v00000254e8f0d530_0;
    %pad/u 32;
    %cmpi/ne 1, 0, 32;
    %jmp/0xz  T_1.39, 4;
    %pushi/vec4 5, 0, 3;
    %assign/vec4 v00000254e8f0d7b0_0, 0;
    %jmp T_1.40;
T_1.39 ;
    %load/vec4 v00000254e8eac5a0_0;
    %load/vec4 v00000254e8eac280_0;
    %cmp/u;
    %flag_or 5, 4;
    %flag_get/vec4 5;
    %jmp/0 T_1.44, 5;
    %load/vec4 v00000254e8eab9c0_0;
    %load/vec4 v00000254e8eac280_0;
    %cmp/u;
    %flag_get/vec4 4;
    %flag_get/vec4 5;
    %or;
    %and;
T_1.44;
    %flag_set/vec4 9;
    %flag_get/vec4 9;
    %jmp/0 T_1.43, 9;
    %load/vec4 v00000254e8eac3c0_0;
    %load/vec4 v00000254e8eac280_0;
    %cmp/u;
    %flag_get/vec4 4;
    %flag_get/vec4 5;
    %or;
    %and;
T_1.43;
    %flag_set/vec4 8;
    %jmp/0xz  T_1.41, 8;
    %pushi/vec4 2, 0, 3;
    %assign/vec4 v00000254e8f0d7b0_0, 0;
    %jmp T_1.42;
T_1.41 ;
    %load/vec4 v00000254e8eac5a0_0;
    %load/vec4 v00000254e8eac3c0_0;
    %cmp/u;
    %flag_or 5, 4;
    %flag_get/vec4 5;
    %jmp/0 T_1.48, 5;
    %load/vec4 v00000254e8eab9c0_0;
    %load/vec4 v00000254e8eac3c0_0;
    %cmp/u;
    %flag_get/vec4 4;
    %flag_get/vec4 5;
    %or;
    %and;
T_1.48;
    %flag_set/vec4 9;
    %flag_get/vec4 9;
    %jmp/0 T_1.47, 9;
    %load/vec4 v00000254e8eac280_0;
    %load/vec4 v00000254e8eac3c0_0;
    %cmp/u;
    %flag_get/vec4 4;
    %flag_get/vec4 5;
    %or;
    %and;
T_1.47;
    %flag_set/vec4 8;
    %jmp/0xz  T_1.45, 8;
    %pushi/vec4 3, 0, 3;
    %assign/vec4 v00000254e8f0d7b0_0, 0;
    %jmp T_1.46;
T_1.45 ;
    %pushi/vec4 0, 0, 3;
    %assign/vec4 v00000254e8f0d7b0_0, 0;
T_1.46 ;
T_1.42 ;
T_1.40 ;
    %jmp T_1.8;
T_1.6 ;
    %load/vec4 v00000254e8f0d530_0;
    %pad/u 32;
    %cmpi/ne 1, 0, 32;
    %jmp/0xz  T_1.49, 4;
    %pushi/vec4 6, 0, 3;
    %assign/vec4 v00000254e8f0d7b0_0, 0;
    %jmp T_1.50;
T_1.49 ;
    %load/vec4 v00000254e8eac5a0_0;
    %load/vec4 v00000254e8eac3c0_0;
    %cmp/u;
    %flag_or 5, 4;
    %flag_get/vec4 5;
    %jmp/0 T_1.54, 5;
    %load/vec4 v00000254e8eab9c0_0;
    %load/vec4 v00000254e8eac3c0_0;
    %cmp/u;
    %flag_get/vec4 4;
    %flag_get/vec4 5;
    %or;
    %and;
T_1.54;
    %flag_set/vec4 9;
    %flag_get/vec4 9;
    %jmp/0 T_1.53, 9;
    %load/vec4 v00000254e8eac280_0;
    %load/vec4 v00000254e8eac3c0_0;
    %cmp/u;
    %flag_get/vec4 4;
    %flag_get/vec4 5;
    %or;
    %and;
T_1.53;
    %flag_set/vec4 8;
    %jmp/0xz  T_1.51, 8;
    %pushi/vec4 3, 0, 3;
    %assign/vec4 v00000254e8f0d7b0_0, 0;
    %jmp T_1.52;
T_1.51 ;
    %load/vec4 v00000254e8eab9c0_0;
    %load/vec4 v00000254e8eac5a0_0;
    %cmp/u;
    %flag_or 5, 4;
    %flag_get/vec4 5;
    %jmp/0 T_1.58, 5;
    %load/vec4 v00000254e8eac280_0;
    %load/vec4 v00000254e8eac5a0_0;
    %cmp/u;
    %flag_get/vec4 4;
    %flag_get/vec4 5;
    %or;
    %and;
T_1.58;
    %flag_set/vec4 9;
    %flag_get/vec4 9;
    %jmp/0 T_1.57, 9;
    %load/vec4 v00000254e8eac3c0_0;
    %load/vec4 v00000254e8eac5a0_0;
    %cmp/u;
    %flag_get/vec4 4;
    %flag_get/vec4 5;
    %or;
    %and;
T_1.57;
    %flag_set/vec4 8;
    %jmp/0xz  T_1.55, 8;
    %pushi/vec4 0, 0, 3;
    %assign/vec4 v00000254e8f0d7b0_0, 0;
    %jmp T_1.56;
T_1.55 ;
    %pushi/vec4 1, 0, 3;
    %assign/vec4 v00000254e8f0d7b0_0, 0;
T_1.56 ;
T_1.52 ;
T_1.50 ;
    %jmp T_1.8;
T_1.7 ;
    %load/vec4 v00000254e8f0d530_0;
    %pad/u 32;
    %cmpi/ne 1, 0, 32;
    %jmp/0xz  T_1.59, 4;
    %pushi/vec4 7, 0, 3;
    %store/vec4 v00000254e8f0d7b0_0, 0, 3;
    %jmp T_1.60;
T_1.59 ;
    %load/vec4 v00000254e8eab9c0_0;
    %load/vec4 v00000254e8eac5a0_0;
    %cmp/u;
    %flag_or 5, 4;
    %flag_get/vec4 5;
    %jmp/0 T_1.64, 5;
    %load/vec4 v00000254e8eac280_0;
    %load/vec4 v00000254e8eac5a0_0;
    %cmp/u;
    %flag_get/vec4 4;
    %flag_get/vec4 5;
    %or;
    %and;
T_1.64;
    %flag_set/vec4 9;
    %flag_get/vec4 9;
    %jmp/0 T_1.63, 9;
    %load/vec4 v00000254e8eac3c0_0;
    %load/vec4 v00000254e8eac5a0_0;
    %cmp/u;
    %flag_get/vec4 4;
    %flag_get/vec4 5;
    %or;
    %and;
T_1.63;
    %flag_set/vec4 8;
    %jmp/0xz  T_1.61, 8;
    %pushi/vec4 0, 0, 3;
    %store/vec4 v00000254e8f0d7b0_0, 0, 3;
    %jmp T_1.62;
T_1.61 ;
    %load/vec4 v00000254e8eac5a0_0;
    %load/vec4 v00000254e8eab9c0_0;
    %cmp/u;
    %flag_or 5, 4;
    %flag_get/vec4 5;
    %jmp/0 T_1.68, 5;
    %load/vec4 v00000254e8eac280_0;
    %load/vec4 v00000254e8eab9c0_0;
    %cmp/u;
    %flag_get/vec4 4;
    %flag_get/vec4 5;
    %or;
    %and;
T_1.68;
    %flag_set/vec4 9;
    %flag_get/vec4 9;
    %jmp/0 T_1.67, 9;
    %load/vec4 v00000254e8eac3c0_0;
    %load/vec4 v00000254e8eab9c0_0;
    %cmp/u;
    %flag_get/vec4 4;
    %flag_get/vec4 5;
    %or;
    %and;
T_1.67;
    %flag_set/vec4 8;
    %jmp/0xz  T_1.65, 8;
    %pushi/vec4 1, 0, 3;
    %store/vec4 v00000254e8f0d7b0_0, 0, 3;
    %jmp T_1.66;
T_1.65 ;
    %pushi/vec4 2, 0, 3;
    %store/vec4 v00000254e8f0d7b0_0, 0, 3;
T_1.66 ;
T_1.62 ;
T_1.60 ;
    %jmp T_1.8;
T_1.8 ;
    %pop/vec4 1;
    %jmp T_1;
    .thread T_1, $push;
    .scope S_00000254e8ea5d10;
T_2 ;
    %wait E_00000254e8e83020;
    %load/vec4 v00000254e8f0dc10_0;
    %dup/vec4;
    %pushi/vec4 0, 0, 3;
    %cmp/u;
    %jmp/1 T_2.0, 6;
    %dup/vec4;
    %pushi/vec4 1, 0, 3;
    %cmp/u;
    %jmp/1 T_2.1, 6;
    %dup/vec4;
    %pushi/vec4 2, 0, 3;
    %cmp/u;
    %jmp/1 T_2.2, 6;
    %dup/vec4;
    %pushi/vec4 3, 0, 3;
    %cmp/u;
    %jmp/1 T_2.3, 6;
    %dup/vec4;
    %pushi/vec4 4, 0, 3;
    %cmp/u;
    %jmp/1 T_2.4, 6;
    %dup/vec4;
    %pushi/vec4 5, 0, 3;
    %cmp/u;
    %jmp/1 T_2.5, 6;
    %dup/vec4;
    %pushi/vec4 6, 0, 3;
    %cmp/u;
    %jmp/1 T_2.6, 6;
    %dup/vec4;
    %pushi/vec4 7, 0, 3;
    %cmp/u;
    %jmp/1 T_2.7, 6;
    %pushi/vec4 4, 0, 3;
    %store/vec4 v00000254e8eabc40_0, 0, 3;
    %pushi/vec4 4, 0, 3;
    %store/vec4 v00000254e8eac320_0, 0, 3;
    %pushi/vec4 4, 0, 3;
    %store/vec4 v00000254e8eabce0_0, 0, 3;
    %pushi/vec4 4, 0, 3;
    %store/vec4 v00000254e8eabba0_0, 0, 3;
    %jmp T_2.9;
T_2.0 ;
    %pushi/vec4 1, 0, 3;
    %assign/vec4 v00000254e8eabc40_0, 0;
    %pushi/vec4 4, 0, 3;
    %assign/vec4 v00000254e8eac320_0, 0;
    %pushi/vec4 4, 0, 3;
    %assign/vec4 v00000254e8eabce0_0, 0;
    %pushi/vec4 4, 0, 3;
    %assign/vec4 v00000254e8eabba0_0, 0;
    %jmp T_2.9;
T_2.1 ;
    %pushi/vec4 1, 0, 3;
    %store/vec4 v00000254e8eac320_0, 0, 3;
    %pushi/vec4 4, 0, 3;
    %store/vec4 v00000254e8eabc40_0, 0, 3;
    %pushi/vec4 4, 0, 3;
    %store/vec4 v00000254e8eabce0_0, 0, 3;
    %pushi/vec4 4, 0, 3;
    %store/vec4 v00000254e8eabba0_0, 0, 3;
    %jmp T_2.9;
T_2.2 ;
    %pushi/vec4 1, 0, 3;
    %store/vec4 v00000254e8eabce0_0, 0, 3;
    %pushi/vec4 4, 0, 3;
    %store/vec4 v00000254e8eabc40_0, 0, 3;
    %pushi/vec4 4, 0, 3;
    %store/vec4 v00000254e8eac320_0, 0, 3;
    %pushi/vec4 4, 0, 3;
    %store/vec4 v00000254e8eabba0_0, 0, 3;
    %jmp T_2.9;
T_2.3 ;
    %pushi/vec4 1, 0, 3;
    %store/vec4 v00000254e8eabba0_0, 0, 3;
    %pushi/vec4 4, 0, 3;
    %store/vec4 v00000254e8eabc40_0, 0, 3;
    %pushi/vec4 4, 0, 3;
    %store/vec4 v00000254e8eac320_0, 0, 3;
    %pushi/vec4 4, 0, 3;
    %store/vec4 v00000254e8eabce0_0, 0, 3;
    %jmp T_2.9;
T_2.4 ;
    %pushi/vec4 2, 0, 3;
    %store/vec4 v00000254e8eabc40_0, 0, 3;
    %pushi/vec4 4, 0, 3;
    %store/vec4 v00000254e8eac320_0, 0, 3;
    %pushi/vec4 4, 0, 3;
    %store/vec4 v00000254e8eabce0_0, 0, 3;
    %pushi/vec4 4, 0, 3;
    %store/vec4 v00000254e8eabba0_0, 0, 3;
    %jmp T_2.9;
T_2.5 ;
    %pushi/vec4 2, 0, 3;
    %store/vec4 v00000254e8eac320_0, 0, 3;
    %pushi/vec4 4, 0, 3;
    %store/vec4 v00000254e8eabc40_0, 0, 3;
    %pushi/vec4 4, 0, 3;
    %store/vec4 v00000254e8eabce0_0, 0, 3;
    %pushi/vec4 4, 0, 3;
    %store/vec4 v00000254e8eabba0_0, 0, 3;
    %jmp T_2.9;
T_2.6 ;
    %pushi/vec4 2, 0, 3;
    %store/vec4 v00000254e8eabce0_0, 0, 3;
    %pushi/vec4 4, 0, 3;
    %store/vec4 v00000254e8eabc40_0, 0, 3;
    %pushi/vec4 4, 0, 3;
    %store/vec4 v00000254e8eac320_0, 0, 3;
    %pushi/vec4 4, 0, 3;
    %store/vec4 v00000254e8eabba0_0, 0, 3;
    %jmp T_2.9;
T_2.7 ;
    %pushi/vec4 2, 0, 3;
    %store/vec4 v00000254e8eabba0_0, 0, 3;
    %pushi/vec4 4, 0, 3;
    %store/vec4 v00000254e8eabc40_0, 0, 3;
    %pushi/vec4 4, 0, 3;
    %store/vec4 v00000254e8eac320_0, 0, 3;
    %pushi/vec4 4, 0, 3;
    %store/vec4 v00000254e8eabce0_0, 0, 3;
    %jmp T_2.9;
T_2.9 ;
    %pop/vec4 1;
    %jmp T_2;
    .thread T_2, $push;
    .scope S_00000254e8e8a1b0;
T_3 ;
    %wait E_00000254e8e833e0;
    %load/vec4 v00000254e8f0c3b0_0;
    %nor/r;
    %flag_set/vec4 8;
    %jmp/0xz  T_3.0, 8;
    %pushi/vec4 31, 0, 5;
    %assign/vec4 v00000254e8f0dcb0_0, 0;
    %jmp T_3.1;
T_3.0 ;
    %load/vec4 v00000254e8f0cb30_0;
    %flag_set/vec4 8;
    %jmp/0xz  T_3.2, 8;
    %load/vec4 v00000254e8f0c8b0_0;
    %assign/vec4 v00000254e8f0dcb0_0, 0;
    %jmp T_3.3;
T_3.2 ;
    %load/vec4 v00000254e8f0dcb0_0;
    %subi 1, 0, 5;
    %assign/vec4 v00000254e8f0dcb0_0, 0;
T_3.3 ;
T_3.1 ;
    %jmp T_3;
    .thread T_3;
# The file index is used to find the file name in the following table.
:file_names 3;
    "N/A";
    "<interactive>";
    "Topmodule.v";
